
--------------------------------------------------
TXLib соболезнует...

Программа: D:\vscode\calculator\calc\calc.exe,

ВНЕЗАПНО: signal (22, 0x00): SIGABRT: Аварийное завершение программы, вызвана функция abort(). 

С помощью функции signal() вы можете сами обработать эту ошибку.

#1: TXLib [Ver: 00173a, Rev: 172, Date: 2023-08-12 11:12:24 +0400], Instance: 0x0050731C (32-bit), Flags: Cmdre0, Thread: 0x3544 (Main). 

--------------------------------------------------
Стек вызовов:

# 0 0x00411494 in D:\vscode\calculator\calc\calc.exe: _txOnSignal() at c:/users/mpavl/downloads/codeblocks/mingw/include/txlib.h (11006)
# 1 0x75DD71F1 in C:\Windows\System32\msvcrt.dll: raise()
# 2 0x75DDB69B in C:\Windows\System32\msvcrt.dll: abort()

# 3 0x0042DB6F in D:\vscode\calculator\calc\calc.exe: stack_push() at D:/vscode/calculator/calc/stack.cpp (108):

    106: void stack_push (STACK *stk, const ELEMENT value)
    107: {
=>  108:     assert_stack (stk);
    109: 
    110:     if (stk->size == stk->position)

# 4 0x0042D645 in D:\vscode\calculator\calc\calc.exe: calc_func() at D:/vscode/calculator/calc/calc.cpp (120):

    118:                 value = atoi (data->lines[i].str + 2);
    119: 
=>  120:                 stack_push (stack, value);
    121:                 break;
    122:             case '3':

# 5 0x0040155A in D:\vscode\calculator\calc\calc.exe: main() at D:/vscode/calculator/calc/main.cpp (17):

     15:     printf ("%s", data.lines[4].str);
     16: 
=>   17:     calc_func (&stack, &data);
     18: 
     19:     return 0;

--------------------------------------------------
Developed with:

The Dumb Artist Library (TX Library)
TXLib [Ver: 00173a, Rev: 172, Date: 2023-08-12 11:12:24 +0400]
Copyright (C) Ded (Ilya Dedinsky, http://txlib.ru) <mail@txlib.ru>
See license on: http://txlib.ru

TXLib file:	c:\users\mpavl\downloads\codeblocks\mingw\include\txlib.h
Compiled:	Oct  7 2023 15:42:50, GNU g++ 4.8.1, std=201103L, MinGW Runtime 3.20, 32-bit, DEBUG
Started:	Oct 07 2023 15:53:08

Run file:	D:\vscode\calculator\calc\calc.exe
Directory:	D:\vscode\calculator\calc

--------------------------------------------------

--------------------------------------------------
TXLib соболезнует...

Программа: D:\vscode\calculator\calc\calc.exe,

ВНЕЗАПНО: signal (22, 0x00): SIGABRT: Аварийное завершение программы, вызвана функция abort(). 

С помощью функции signal() вы можете сами обработать эту ошибку.

#1: TXLib [Ver: 00173a, Rev: 172, Date: 2023-08-12 11:12:24 +0400], Instance: 0x0050731C (32-bit), Flags: Cmdre0, Thread: 0x4058 (Main), GetLastError(): 183 (Невозможно создать файл, так как он уже существует). 

--------------------------------------------------
Стек вызовов:

# 0 0x00411494 in D:\vscode\calculator\calc\calc.exe: _txOnSignal() at c:/users/mpavl/downloads/codeblocks/mingw/include/txlib.h (11006)
# 1 0x75DD71F1 in C:\Windows\System32\msvcrt.dll: raise()
# 2 0x75DDB69B in C:\Windows\System32\msvcrt.dll: abort()

# 3 0x0042DB6F in D:\vscode\calculator\calc\calc.exe: stack_push() at D:/vscode/calculator/calc/stack.cpp (108):

    106: void stack_push (STACK *stk, const ELEMENT value)
    107: {
=>  108:     assert_stack (stk);
    109: 
    110:     if (stk->size == stk->position)

# 4 0x0042D645 in D:\vscode\calculator\calc\calc.exe: calc_func() at D:/vscode/calculator/calc/calc.cpp (120):

    118:                 value = atoi (data->lines[i].str + 2);
    119: 
=>  120:                 stack_push (stack, value);
    121:                 break;
    122:             case '3':

# 5 0x0040155A in D:\vscode\calculator\calc\calc.exe: main() at D:/vscode/calculator/calc/main.cpp (17):

     15:     calc_func (&stack, &data);
     16: 
=>   17:     return 0;
     18: }

--------------------------------------------------
Developed with:

The Dumb Artist Library (TX Library)
TXLib [Ver: 00173a, Rev: 172, Date: 2023-08-12 11:12:24 +0400]
Copyright (C) Ded (Ilya Dedinsky, http://txlib.ru) <mail@txlib.ru>
See license on: http://txlib.ru

TXLib file:	c:\users\mpavl\downloads\codeblocks\mingw\include\txlib.h
Compiled:	Oct  7 2023 15:42:50, GNU g++ 4.8.1, std=201103L, MinGW Runtime 3.20, 32-bit, DEBUG
Started:	Oct 07 2023 15:54:06

Run file:	D:\vscode\calculator\calc\calc.exe
Directory:	D:\vscode\calculator\calc

--------------------------------------------------

--------------------------------------------------
TXLib соболезнует...

Программа: D:\vscode\calculator\calc\calc.exe,

ВНЕЗАПНО: signal (22, 0x00): SIGABRT: Аварийное завершение программы, вызвана функция abort(). 

С помощью функции signal() вы можете сами обработать эту ошибку.

#1: TXLib [Ver: 00173a, Rev: 172, Date: 2023-08-12 11:12:24 +0400], Instance: 0x0050731C (32-bit), Flags: Cmdre0, Thread: 0x5EDC (Main). 

--------------------------------------------------
Стек вызовов:

# 0 0x00411490 in D:\vscode\calculator\calc\calc.exe: _txOnSignal() at c:/users/mpavl/downloads/codeblocks/mingw/include/txlib.h (11006)
# 1 0x75DD71F1 in C:\Windows\System32\msvcrt.dll: raise()
# 2 0x75DDB69B in C:\Windows\System32\msvcrt.dll: abort()

# 3 0x0042DCFD in D:\vscode\calculator\calc\calc.exe: stack_pop() at D:/vscode/calculator/calc/stack.cpp (133):

    131: {
    132:     assert_stack (stk);
=>  133:     my_assert (stk->position > 0);
    134:     
    135:     if (stk->position < stk->size / HST_DOWN)

# 4 0x0042D596 in D:\vscode\calculator\calc\calc.exe: calc_func() at D:/vscode/calculator/calc/calc.cpp (111):

    109:         {
    110:             case '0':
=>  111:                 fprintf (stdout, "%d\n", stack_pop(stack));
    112:                 fprintf (stdout, "Р Р°СЃС‡РµС‚ РѕРєРѕРЅС‡РµРЅ.\n");
    113:                 return 0;

# 5 0x00401554 in D:\vscode\calculator\calc\calc.exe: main() at D:/vscode/calculator/calc/main.cpp (18):

     16: 
     17: 
=>   18:     calc_func (&stack, &data);
     19: 
     20:     return 0;

--------------------------------------------------
Developed with:

The Dumb Artist Library (TX Library)
TXLib [Ver: 00173a, Rev: 172, Date: 2023-08-12 11:12:24 +0400]
Copyright (C) Ded (Ilya Dedinsky, http://txlib.ru) <mail@txlib.ru>
See license on: http://txlib.ru

TXLib file:	c:\users\mpavl\downloads\codeblocks\mingw\include\txlib.h
Compiled:	Oct  7 2023 15:42:50, GNU g++ 4.8.1, std=201103L, MinGW Runtime 3.20, 32-bit, DEBUG
Started:	Oct 07 2023 15:54:49

Run file:	D:\vscode\calculator\calc\calc.exe
Directory:	D:\vscode\calculator\calc

--------------------------------------------------

--------------------------------------------------
TXLib соболезнует...

Программа: D:\vscode\calculator\calc\calc.exe,

ВНЕЗАПНО: signal (22, 0x00): SIGABRT: Аварийное завершение программы, вызвана функция abort(). 

С помощью функции signal() вы можете сами обработать эту ошибку.

#1: TXLib [Ver: 00173a, Rev: 172, Date: 2023-08-12 11:12:24 +0400], Instance: 0x0050731C (32-bit), Flags: Cmdre0, Thread: 0x2144 (Main), GetLastError(): 183 (Невозможно создать файл, так как он уже существует). 

--------------------------------------------------
Стек вызовов:

# 0 0x00411510 in D:\vscode\calculator\calc\calc.exe: _txOnSignal() at c:/users/mpavl/downloads/codeblocks/mingw/include/txlib.h (11006)
# 1 0x75DD71F1 in C:\Windows\System32\msvcrt.dll: raise()
# 2 0x75DDB69B in C:\Windows\System32\msvcrt.dll: abort()

# 3 0x0042DD79 in D:\vscode\calculator\calc\calc.exe: stack_pop() at D:/vscode/calculator/calc/stack.cpp (133):

    131: {
    132:     assert_stack (stk);
=>  133:     my_assert (stk->position > 0);
    134:     
    135:     if (stk->position < stk->size / HST_DOWN)

# 4 0x0042D66C in D:\vscode\calculator\calc\calc.exe: calc_func() at D:/vscode/calculator/calc/calc.cpp (116):

    114:                 return 0;
    115:             case '1':
=>  116:                 fprintf (data->fp_print, "%d\n", stack_pop (stack));
    117:                 break;
    118:             case '2':

# 5 0x0040159D in D:\vscode\calculator\calc\calc.exe: main() at D:/vscode/calculator/calc/main.cpp (26):

     24:     }
     25: 
=>   26:     calc_func (&stack, &data);
     27: 
     28:     if (fclose (data.fp_print) != 0)

--------------------------------------------------
Developed with:

The Dumb Artist Library (TX Library)
TXLib [Ver: 00173a, Rev: 172, Date: 2023-08-12 11:12:24 +0400]
Copyright (C) Ded (Ilya Dedinsky, http://txlib.ru) <mail@txlib.ru>
See license on: http://txlib.ru

TXLib file:	c:\users\mpavl\downloads\codeblocks\mingw\include\txlib.h
Compiled:	Oct  7 2023 15:56:07, GNU g++ 4.8.1, std=201103L, MinGW Runtime 3.20, 32-bit, DEBUG
Started:	Oct 07 2023 17:00:50

Run file:	D:\vscode\calculator\calc\calc.exe
Directory:	D:\vscode\calculator\calc

--------------------------------------------------

--------------------------------------------------
TXLib соболезнует...

Программа: D:\vscode\calculator\calc\calc.exe,

ВНЕЗАПНО: signal (22, 0x00): SIGABRT: Аварийное завершение программы, вызвана функция abort(). 

С помощью функции signal() вы можете сами обработать эту ошибку.

#1: TXLib [Ver: 00173a, Rev: 172, Date: 2023-08-12 11:12:24 +0400], Instance: 0x0050731C (32-bit), Flags: Cmdre0, Thread: 0x2804 (Main), GetLastError(): 183 (Невозможно создать файл, так как он уже существует). 

--------------------------------------------------
Стек вызовов:

# 0 0x00411510 in D:\vscode\calculator\calc\calc.exe: _txOnSignal() at c:/users/mpavl/downloads/codeblocks/mingw/include/txlib.h (11006)
# 1 0x75DD71F1 in C:\Windows\System32\msvcrt.dll: raise()
# 2 0x75DDB69B in C:\Windows\System32\msvcrt.dll: abort()

# 3 0x0042DD79 in D:\vscode\calculator\calc\calc.exe: stack_pop() at D:/vscode/calculator/calc/stack.cpp (133):

    131: {
    132:     assert_stack (stk);
=>  133:     my_assert (stk->position > 0);
    134:     
    135:     if (stk->position < stk->size / HST_DOWN)

# 4 0x0042D66C in D:\vscode\calculator\calc\calc.exe: calc_func() at D:/vscode/calculator/calc/calc.cpp (116):

    114:                 return 0;
    115:             case '1':
=>  116:                 fprintf (data->fp_print, "%d\n", stack_pop (stack));
    117:                 break;
    118:             case '2':

# 5 0x0040159D in D:\vscode\calculator\calc\calc.exe: main() at D:/vscode/calculator/calc/main.cpp (26):

     24:     }
     25: 
=>   26:     calc_func (&stack, &data);
     27: 
     28:     if (fclose (data.fp_print) != 0)

--------------------------------------------------
Developed with:

The Dumb Artist Library (TX Library)
TXLib [Ver: 00173a, Rev: 172, Date: 2023-08-12 11:12:24 +0400]
Copyright (C) Ded (Ilya Dedinsky, http://txlib.ru) <mail@txlib.ru>
See license on: http://txlib.ru

TXLib file:	c:\users\mpavl\downloads\codeblocks\mingw\include\txlib.h
Compiled:	Oct  7 2023 15:56:07, GNU g++ 4.8.1, std=201103L, MinGW Runtime 3.20, 32-bit, DEBUG
Started:	Oct 07 2023 17:01:24

Run file:	D:\vscode\calculator\calc\calc.exe
Directory:	D:\vscode\calculator\calc

--------------------------------------------------

--------------------------------------------------
TXLib предупреждает:

Программа: D:\vscode\calculator\calc\calc.exe,

ВНЕЗАПНО: Нарушение доступа к памяти.

#1: Исключение EXCEPTION_ACCESS_VIOLATION (0xC0000005) при выполнении кода по адресу 0x0040156B в функции main() в файле D:/vscode/calculator/calc/main.cpp на строке 21. Попытка прочесть данные по адресу NULL в модуле D:\vscode\calculator\calc\calc.exe. Спасибо _txVectoredExceptionHandler(), что сообщил. Люблю его <3

#1: TXLib [Ver: 00173a, Rev: 172, Date: 2023-08-12 11:12:24 +0400], Instance: 0x0050731C (32-bit), Flags: Cmdre0, Thread: 0x444C (Main). 

--------------------------------------------------
Стек вызовов:

# 0 0x0040156B in D:\vscode\calculator\calc\calc.exe: main() at D:/vscode/calculator/calc/main.cpp (21):

     19:     for (size_t i = 0; i < data.n_comms; i++)
     20:     {
=>   21:         printf ("%d", data.commands[i].command);
     22:     }
     23: 

--------------------------------------------------
Developed with:

The Dumb Artist Library (TX Library)
TXLib [Ver: 00173a, Rev: 172, Date: 2023-08-12 11:12:24 +0400]
Copyright (C) Ded (Ilya Dedinsky, http://txlib.ru) <mail@txlib.ru>
See license on: http://txlib.ru

TXLib file:	c:\users\mpavl\downloads\codeblocks\mingw\include\txlib.h
Compiled:	Oct  7 2023 15:56:07, GNU g++ 4.8.1, std=201103L, MinGW Runtime 3.20, 32-bit, DEBUG
Started:	Oct 07 2023 17:22:49

Run file:	D:\vscode\calculator\calc\calc.exe
Directory:	D:\vscode\calculator\calc

--------------------------------------------------

--------------------------------------------------
TXLib соболезнует...

Программа: D:\vscode\calculator\calc\calc.exe,

ВНЕЗАПНО: signal (11, 0x00): SIGSEGV: Доступ по неверному указателю. Ставьте ассерты! 

Нарушение доступа к памяти.

#1: Исключение EXCEPTION_ACCESS_VIOLATION (0xC0000005) при выполнении кода по адресу 0x0040156B в функции main() в файле D:/vscode/calculator/calc/main.cpp на строке 21. Попытка прочесть данные по адресу NULL в модуле D:\vscode\calculator\calc\calc.exe. Спасибо _txVectoredExceptionHandler(), что сообщил. Люблю его <3

С помощью функции signal() вы можете сами обработать эту ошибку.

#2: TXLib [Ver: 00173a, Rev: 172, Date: 2023-08-12 11:12:24 +0400], Instance: 0x0050731C (32-bit), Flags: Cmdre0, Thread: 0x444C (Main). 

--------------------------------------------------
Стек вызовов:

# 0 0x0040156B in D:\vscode\calculator\calc\calc.exe: main() at D:/vscode/calculator/calc/main.cpp (21):

     19:     for (size_t i = 0; i < data.n_comms; i++)
     20:     {
=>   21:         printf ("%d", data.commands[i].command);
     22:     }
     23: 

--------------------------------------------------
Developed with:

The Dumb Artist Library (TX Library)
TXLib [Ver: 00173a, Rev: 172, Date: 2023-08-12 11:12:24 +0400]
Copyright (C) Ded (Ilya Dedinsky, http://txlib.ru) <mail@txlib.ru>
See license on: http://txlib.ru

TXLib file:	c:\users\mpavl\downloads\codeblocks\mingw\include\txlib.h
Compiled:	Oct  7 2023 15:56:07, GNU g++ 4.8.1, std=201103L, MinGW Runtime 3.20, 32-bit, DEBUG
Started:	Oct 07 2023 17:22:49

Run file:	D:\vscode\calculator\calc\calc.exe
Directory:	D:\vscode\calculator\calc

--------------------------------------------------
