+------------+------------+------------+------------+------------+
|  NAME_CMD  |  HEX_SPEAK |  VALUE_ARG |  VALUE_REG |  VALUE_RAM |
+------------+------------+------------+------------+------------+
|          in|          14|           0|           0|           0|
+------------+------------+------------+------------+------------+
|          in|          14|           0|           0|           0|
+------------+------------+------------+------------+------------+
|          in|          14|           0|           0|           0|
+------------+------------+------------+------------+------------+
|        draw|          15|           0|           0|           0|
+------------+------------+------------+------------+------------+
|         pop|          43|           0|           3|           0|
+------------+------------+------------+------------+------------+
|         pop|          43|           0|           2|           0|
+------------+------------+------------+------------+------------+
|         pop|          43|           0|           1|           0|
+------------+------------+------------+------------+------------+
|        CALL|          24|          13|           0|           0|
+------------+------------+------------+------------+------------+
|        push|          22|           0|           0|           0|
+------------+------------+------------+------------+------------+
|        push|          42|           0|           4|           0|
+------------+------------+------------+------------+------------+
|          je|          2b|          24|           0|           0|
+------------+------------+------------+------------+------------+
|          ja|          27|          33|           0|           0|
+------------+------------+------------+------------+------------+
|          jb|          29|          57|           0|           0|
+------------+------------+------------+------------+------------+
|        push|          42|           0|           2|           0|
+------------+------------+------------+------------+------------+
|        push|          42|           0|           2|           0|
+------------+------------+------------+------------+------------+
|         mul|           f|           0|           0|           0|
+------------+------------+------------+------------+------------+
|        push|          22|           4|           0|           0|
+------------+------------+------------+------------+------------+
|        push|          42|           0|           1|           0|
+------------+------------+------------+------------+------------+
|        push|          42|           0|           3|           0|
+------------+------------+------------+------------+------------+
|         mul|           f|           0|           0|           0|
+------------+------------+------------+------------+------------+
|         mul|           f|           0|           0|           0|
+------------+------------+------------+------------+------------+
|         sub|           e|           0|           0|           0|
+------------+------------+------------+------------+------------+
|         pop|          43|           0|           4|           0|
+------------+------------+------------+------------+------------+
|         ret|           5|           0|           0|           0|
+------------+------------+------------+------------+------------+
|        push|          22|          -1|           0|           0|
+------------+------------+------------+------------+------------+
|        push|          42|           0|           2|           0|
+------------+------------+------------+------------+------------+
|         mul|           f|           0|           0|           0|
+------------+------------+------------+------------+------------+
|        push|          22|           2|           0|           0|
+------------+------------+------------+------------+------------+
|        push|          42|           0|           1|           0|
+------------+------------+------------+------------+------------+
|         mul|           f|           0|           0|           0|
+------------+------------+------------+------------+------------+
|         div|          10|           0|           0|           0|
+------------+------------+------------+------------+------------+
|         out|           1|           0|           0|           0|
+------------+------------+------------+------------+------------+
|         hlt|           0|           0|           0|           0|
+------------+------------+------------+------------+------------+
|        push|          42|           0|           4|           0|
+------------+------------+------------+------------+------------+
|        sqrt|          11|           0|           0|           0|
+------------+------------+------------+------------+------------+
|         pop|          43|           0|           4|           0|
+------------+------------+------------+------------+------------+
|        push|          22|          -1|           0|           0|
+------------+------------+------------+------------+------------+
|        push|          42|           0|           2|           0|
+------------+------------+------------+------------+------------+
|         mul|           f|           0|           0|           0|
+------------+------------+------------+------------+------------+
|        push|          42|           0|           4|           0|
+------------+------------+------------+------------+------------+
|         sub|           e|           0|           0|           0|
+------------+------------+------------+------------+------------+
|        push|          22|           2|           0|           0|
+------------+------------+------------+------------+------------+
|        push|          42|           0|           1|           0|
+------------+------------+------------+------------+------------+
|         mul|           f|           0|           0|           0|
+------------+------------+------------+------------+------------+
|         div|          10|           0|           0|           0|
+------------+------------+------------+------------+------------+
|         out|           1|           0|           0|           0|
+------------+------------+------------+------------+------------+
|        push|          22|          -1|           0|           0|
+------------+------------+------------+------------+------------+
|        push|          42|           0|           2|           0|
+------------+------------+------------+------------+------------+
|         mul|           f|           0|           0|           0|
+------------+------------+------------+------------+------------+
|        push|          42|           0|           4|           0|
+------------+------------+------------+------------+------------+
|         add|           d|           0|           0|           0|
+------------+------------+------------+------------+------------+
|        push|          22|           2|           0|           0|
+------------+------------+------------+------------+------------+
|        push|          42|           0|           1|           0|
+------------+------------+------------+------------+------------+
|         mul|           f|           0|           0|           0|
+------------+------------+------------+------------+------------+
|         div|          10|           0|           0|           0|
+------------+------------+------------+------------+------------+
|         out|           1|           0|           0|           0|
+------------+------------+------------+------------+------------+
|         hlt|           0|           0|           0|           0|
+------------+------------+------------+------------+------------+
|         hlt|           0|           0|           0|           0|
+------------+------------+------------+------------+------------+
