
--------------------------------------------------
TXLib предупреждает:

Программа: D:\vscode\calculator\assembler\assembler.exe,

ВНЕЗАПНО: Нарушение доступа к памяти.

#1: Исключение EXCEPTION_ACCESS_VIOLATION (0xC0000005) при выполнении кода по адресу 0x0042BD7B в функции main() в файле D:/vscode/calculator/assembler/main.cpp на строке 14. Попытка прочесть данные по адресу 0x00000004 в модуле D:\vscode\calculator\assembler\assembler.exe. Спасибо _txVectoredExceptionHandler(), что сообщил. Люблю его <3

#1: TXLib [Ver: 00173a, Rev: 172, Date: 2023-08-12 11:12:24 +0400], Instance: 0x005E8A3C (32-bit), Flags: Cmdre0, Thread: 0x1BBC (Main), GetLastError(): 183 (Невозможно создать файл, так как он уже существует). 

--------------------------------------------------
Стек вызовов:

# 0 0x0042BD7B in D:\vscode\calculator\assembler\assembler.exe: main() at D:/vscode/calculator/assembler/main.cpp (14):

     12:     }
     13: 
=>   14:     printf ("%s\n", data.lines[0].str);
     15:     return 0;
     16: }

--------------------------------------------------
Developed with:

The Dumb Artist Library (TX Library)
TXLib [Ver: 00173a, Rev: 172, Date: 2023-08-12 11:12:24 +0400]
Copyright (C) Ded (Ilya Dedinsky, http://txlib.ru) <mail@txlib.ru>
See license on: http://txlib.ru

TXLib file:	c:\users\mpavl\downloads\codeblocks\mingw\include\txlib.h
Compiled:	Oct  5 2023 10:47:28, GNU g++ 4.8.1, std=201103L, MinGW Runtime 3.20, 32-bit, DEBUG
Started:	Oct 05 2023 10:48:50

Run file:	D:\vscode\calculator\assembler\assembler.exe
Directory:	D:\vscode\calculator\assembler

--------------------------------------------------

--------------------------------------------------
TXLib соболезнует...

Программа: D:\vscode\calculator\assembler\assembler.exe,

ВНЕЗАПНО: signal (11, 0x00): SIGSEGV: Доступ по неверному указателю. Ставьте ассерты! 

Нарушение доступа к памяти.

#1: Исключение EXCEPTION_ACCESS_VIOLATION (0xC0000005) при выполнении кода по адресу 0x0042BD7B в функции main() в файле D:/vscode/calculator/assembler/main.cpp на строке 14. Попытка прочесть данные по адресу 0x00000004 в модуле D:\vscode\calculator\assembler\assembler.exe. Спасибо _txVectoredExceptionHandler(), что сообщил. Люблю его <3

С помощью функции signal() вы можете сами обработать эту ошибку.

#2: TXLib [Ver: 00173a, Rev: 172, Date: 2023-08-12 11:12:24 +0400], Instance: 0x005E8A3C (32-bit), Flags: Cmdre0, Thread: 0x1BBC (Main), GetLastError(): 183 (Невозможно создать файл, так как он уже существует). 

--------------------------------------------------
Стек вызовов:

# 0 0x0042BD7B in D:\vscode\calculator\assembler\assembler.exe: main() at D:/vscode/calculator/assembler/main.cpp (14):

     12:     }
     13: 
=>   14:     printf ("%s\n", data.lines[0].str);
     15:     return 0;
     16: }

--------------------------------------------------
Developed with:

The Dumb Artist Library (TX Library)
TXLib [Ver: 00173a, Rev: 172, Date: 2023-08-12 11:12:24 +0400]
Copyright (C) Ded (Ilya Dedinsky, http://txlib.ru) <mail@txlib.ru>
See license on: http://txlib.ru

TXLib file:	c:\users\mpavl\downloads\codeblocks\mingw\include\txlib.h
Compiled:	Oct  5 2023 10:47:28, GNU g++ 4.8.1, std=201103L, MinGW Runtime 3.20, 32-bit, DEBUG
Started:	Oct 05 2023 10:48:50

Run file:	D:\vscode\calculator\assembler\assembler.exe
Directory:	D:\vscode\calculator\assembler

--------------------------------------------------

--------------------------------------------------
TXLib предупреждает:

Программа: D:\vscode\calculator\assembler\assembler.exe,

ВНЕЗАПНО: Нарушение доступа к памяти.

#1: Исключение EXCEPTION_ACCESS_VIOLATION (0xC0000005) при выполнении кода по адресу 0x0042BD7B в функции main() в файле D:/vscode/calculator/assembler/main.cpp на строке 14. Попытка прочесть данные по адресу 0x00000004 в модуле D:\vscode\calculator\assembler\assembler.exe. Спасибо _txVectoredExceptionHandler(), что сообщил. Люблю его <3

#1: TXLib [Ver: 00173a, Rev: 172, Date: 2023-08-12 11:12:24 +0400], Instance: 0x005E8A3C (32-bit), Flags: Cmdre0, Thread: 0x5F1C (Main), GetLastError(): 183 (Невозможно создать файл, так как он уже существует). 

--------------------------------------------------
Стек вызовов:

# 0 0x0042BD7B in D:\vscode\calculator\assembler\assembler.exe: main() at D:/vscode/calculator/assembler/main.cpp (14):

     12:     }
     13: 
=>   14:     printf ("%s\n", data.lines[0].str);
     15:     return 0;
     16: }

--------------------------------------------------
Developed with:

The Dumb Artist Library (TX Library)
TXLib [Ver: 00173a, Rev: 172, Date: 2023-08-12 11:12:24 +0400]
Copyright (C) Ded (Ilya Dedinsky, http://txlib.ru) <mail@txlib.ru>
See license on: http://txlib.ru

TXLib file:	c:\users\mpavl\downloads\codeblocks\mingw\include\txlib.h
Compiled:	Oct  5 2023 10:47:28, GNU g++ 4.8.1, std=201103L, MinGW Runtime 3.20, 32-bit, DEBUG
Started:	Oct 05 2023 10:49:14

Run file:	D:\vscode\calculator\assembler\assembler.exe
Directory:	D:\vscode\calculator\assembler

--------------------------------------------------

--------------------------------------------------
TXLib соболезнует...

Программа: D:\vscode\calculator\assembler\assembler.exe,

ВНЕЗАПНО: signal (11, 0x00): SIGSEGV: Доступ по неверному указателю. Ставьте ассерты! 

Нарушение доступа к памяти.

#1: Исключение EXCEPTION_ACCESS_VIOLATION (0xC0000005) при выполнении кода по адресу 0x0042BD7B в функции main() в файле D:/vscode/calculator/assembler/main.cpp на строке 14. Попытка прочесть данные по адресу 0x00000004 в модуле D:\vscode\calculator\assembler\assembler.exe. Спасибо _txVectoredExceptionHandler(), что сообщил. Люблю его <3

С помощью функции signal() вы можете сами обработать эту ошибку.

#2: TXLib [Ver: 00173a, Rev: 172, Date: 2023-08-12 11:12:24 +0400], Instance: 0x005E8A3C (32-bit), Flags: Cmdre0, Thread: 0x5F1C (Main), GetLastError(): 183 (Невозможно создать файл, так как он уже существует). 

--------------------------------------------------
Стек вызовов:

# 0 0x0042BD7B in D:\vscode\calculator\assembler\assembler.exe: main() at D:/vscode/calculator/assembler/main.cpp (14):

     12:     }
     13: 
=>   14:     printf ("%s\n", data.lines[0].str);
     15:     return 0;
     16: }

--------------------------------------------------
Developed with:

The Dumb Artist Library (TX Library)
TXLib [Ver: 00173a, Rev: 172, Date: 2023-08-12 11:12:24 +0400]
Copyright (C) Ded (Ilya Dedinsky, http://txlib.ru) <mail@txlib.ru>
See license on: http://txlib.ru

TXLib file:	c:\users\mpavl\downloads\codeblocks\mingw\include\txlib.h
Compiled:	Oct  5 2023 10:47:28, GNU g++ 4.8.1, std=201103L, MinGW Runtime 3.20, 32-bit, DEBUG
Started:	Oct 05 2023 10:49:14

Run file:	D:\vscode\calculator\assembler\assembler.exe
Directory:	D:\vscode\calculator\assembler

--------------------------------------------------

--------------------------------------------------
TXLib предупреждает:

Программа: D:\vscode\calculator\assembler\assembler.exe,

ВНЕЗАПНО: Нарушение доступа к памяти.

#1: Исключение EXCEPTION_ACCESS_VIOLATION (0xC0000005) при выполнении кода по адресу 0x0042BD7B в функции main() в файле D:/vscode/calculator/assembler/main.cpp на строке 14. Попытка прочесть данные по адресу 0x00000004 в модуле D:\vscode\calculator\assembler\assembler.exe. Спасибо _txVectoredExceptionHandler(), что сообщил. Люблю его <3

#1: TXLib [Ver: 00173a, Rev: 172, Date: 2023-08-12 11:12:24 +0400], Instance: 0x005E8A3C (32-bit), Flags: Cmdre0, Thread: 0x2964 (Main). 

--------------------------------------------------
Стек вызовов:

# 0 0x0042BD7B in D:\vscode\calculator\assembler\assembler.exe: main() at D:/vscode/calculator/assembler/main.cpp (14):

     12:     }
     13: 
=>   14:     printf ("%s\n", data.lines[0].str);
     15:     return 0;
     16: }

--------------------------------------------------
Developed with:

The Dumb Artist Library (TX Library)
TXLib [Ver: 00173a, Rev: 172, Date: 2023-08-12 11:12:24 +0400]
Copyright (C) Ded (Ilya Dedinsky, http://txlib.ru) <mail@txlib.ru>
See license on: http://txlib.ru

TXLib file:	c:\users\mpavl\downloads\codeblocks\mingw\include\txlib.h
Compiled:	Oct  5 2023 10:51:13, GNU g++ 4.8.1, std=201103L, MinGW Runtime 3.20, 32-bit, DEBUG
Started:	Oct 05 2023 10:51:18

Run file:	D:\vscode\calculator\assembler\assembler.exe
Directory:	D:\vscode\calculator\assembler

--------------------------------------------------

--------------------------------------------------
TXLib соболезнует...

Программа: D:\vscode\calculator\assembler\assembler.exe,

ВНЕЗАПНО: signal (11, 0x00): SIGSEGV: Доступ по неверному указателю. Ставьте ассерты! 

Нарушение доступа к памяти.

#1: Исключение EXCEPTION_ACCESS_VIOLATION (0xC0000005) при выполнении кода по адресу 0x0042BD7B в функции main() в файле D:/vscode/calculator/assembler/main.cpp на строке 14. Попытка прочесть данные по адресу 0x00000004 в модуле D:\vscode\calculator\assembler\assembler.exe. Спасибо _txVectoredExceptionHandler(), что сообщил. Люблю его <3

С помощью функции signal() вы можете сами обработать эту ошибку.

#2: TXLib [Ver: 00173a, Rev: 172, Date: 2023-08-12 11:12:24 +0400], Instance: 0x005E8A3C (32-bit), Flags: Cmdre0, Thread: 0x2964 (Main). 

--------------------------------------------------
Стек вызовов:

# 0 0x0042BD7B in D:\vscode\calculator\assembler\assembler.exe: main() at D:/vscode/calculator/assembler/main.cpp (14):

     12:     }
     13: 
=>   14:     printf ("%s\n", data.lines[0].str);
     15:     return 0;
     16: }

--------------------------------------------------
Developed with:

The Dumb Artist Library (TX Library)
TXLib [Ver: 00173a, Rev: 172, Date: 2023-08-12 11:12:24 +0400]
Copyright (C) Ded (Ilya Dedinsky, http://txlib.ru) <mail@txlib.ru>
See license on: http://txlib.ru

TXLib file:	c:\users\mpavl\downloads\codeblocks\mingw\include\txlib.h
Compiled:	Oct  5 2023 10:51:13, GNU g++ 4.8.1, std=201103L, MinGW Runtime 3.20, 32-bit, DEBUG
Started:	Oct 05 2023 10:51:18

Run file:	D:\vscode\calculator\assembler\assembler.exe
Directory:	D:\vscode\calculator\assembler

--------------------------------------------------
