+------------+------------+------------+------------+
|  NAME_CMD  |  HEX_SPEAK |  VALUE_ARG |  VALUE_REG |
+------------+------------+------------+------------+
|        push|          22|           0|           0|
+------------+------------+------------+------------+
|         pop|          43|           0|           2|
+------------+------------+------------+------------+
|        call|          24|           7|           0|
+------------+------------+------------+------------+
|         hlt|           0|           0|           0|
+------------+------------+------------+------------+
|          in|          17|           0|           0|
+------------+------------+------------+------------+
|         pop|          e3|           0|           2|
+------------+------------+------------+------------+
|          in|          17|           0|           0|
+------------+------------+------------+------------+
|         pop|          e3|           1|           2|
+------------+------------+------------+------------+
|          in|          17|           0|           0|
+------------+------------+------------+------------+
|         pop|          e3|           2|           2|
+------------+------------+------------+------------+
|        push|          e2|           0|           2|
+------------+------------+------------+------------+
|         pop|          e3|           3|           2|
+------------+------------+------------+------------+
|        push|          e2|           1|           2|
+------------+------------+------------+------------+
|         pop|          e3|           4|           2|
+------------+------------+------------+------------+
|        push|          e2|           2|           2|
+------------+------------+------------+------------+
|         pop|          e3|           5|           2|
+------------+------------+------------+------------+
|        push|          42|           0|           2|
+------------+------------+------------+------------+
|        push|          42|           0|           2|
+------------+------------+------------+------------+
|        push|          22|           3|           0|
+------------+------------+------------+------------+
|         add|           e|           0|           0|
+------------+------------+------------+------------+
|         pop|          43|           0|           2|
+------------+------------+------------+------------+
|        call|          24|          53|           0|
+------------+------------+------------+------------+
|         pop|          43|           0|           2|
+------------+------------+------------+------------+
|        push|          42|           0|           1|
+------------+------------+------------+------------+
|         ret|           5|           0|           0|
+------------+------------+------------+------------+
|        push|          e2|           0|           2|
+------------+------------+------------+------------+
|        push|          22|           0|           0|
+------------+------------+------------+------------+
|jne if_1					|           c|           0|           0|
+------------+------------+------------+------------+
|        push|          e2|           1|           2|
+------------+------------+------------+------------+
|         pop|          e3|           3|           2|
+------------+------------+------------+------------+
|        push|          e2|           2|           2|
+------------+------------+------------+------------+
|         pop|          e3|           4|           2|
+------------+------------+------------+------------+
|        push|          42|           0|           2|
+------------+------------+------------+------------+
|        push|          42|           0|           2|
+------------+------------+------------+------------+
|        push|          22|           3|           0|
+------------+------------+------------+------------+
|         add|           e|           0|           0|
+------------+------------+------------+------------+
|         pop|          43|           0|           2|
+------------+------------+------------+------------+
|        call|          24|         127|           0|
+------------+------------+------------+------------+
|         pop|          43|           0|           2|
+------------+------------+------------+------------+
|        push|          42|           0|           1|
+------------+------------+------------+------------+
|         jmp|          26|         122|           0|
+------------+------------+------------+------------+
|        push|          e2|           0|           2|
+------------+------------+------------+------------+
|         pop|          e3|           3|           2|
+------------+------------+------------+------------+
|        push|          e2|           1|           2|
+------------+------------+------------+------------+
|         pop|          e3|           4|           2|
+------------+------------+------------+------------+
|        push|          e2|           2|           2|
+------------+------------+------------+------------+
|         pop|          e3|           5|           2|
+------------+------------+------------+------------+
|        push|          42|           0|           2|
+------------+------------+------------+------------+
|        push|          42|           0|           2|
+------------+------------+------------+------------+
|        push|          22|           3|           0|
+------------+------------+------------+------------+
|         add|           e|           0|           0|
+------------+------------+------------+------------+
|         pop|          43|           0|           2|
+------------+------------+------------+------------+
|        call|          24|         197|           0|
+------------+------------+------------+------------+
|         pop|          43|           0|           2|
+------------+------------+------------+------------+
|        push|          42|           0|           1|
+------------+------------+------------+------------+
|        push|          22|           0|           0|
+------------+------------+------------+------------+
|         pop|          43|           0|           1|
+------------+------------+------------+------------+
|         ret|           5|           0|           0|
+------------+------------+------------+------------+
|        push|          22|           0|           0|
+------------+------------+------------+------------+
|        push|          22|           1|           0|
+------------+------------+------------+------------+
|         sub|           f|           0|           0|
+------------+------------+------------+------------+
|         pop|          e3|           2|           2|
+------------+------------+------------+------------+
|        push|          22|           1|           0|
+------------+------------+------------+------------+
|         pop|          e3|           3|           2|
+------------+------------+------------+------------+
|        push|          22|        1000|           0|
+------------+------------+------------+------------+
|         pop|          e3|           4|           2|
+------------+------------+------------+------------+
|        push|          e2|           0|           2|
+------------+------------+------------+------------+
|        push|          22|           0|           0|
+------------+------------+------------+------------+
|         jne|          2c|         171|           0|
+------------+------------+------------+------------+
|        push|          e2|           1|           2|
+------------+------------+------------+------------+
|        push|          22|           0|           0|
+------------+------------+------------+------------+
|         jne|          2c|         165|           0|
+------------+------------+------------+------------+
|        push|          e2|           4|           2|
+------------+------------+------------+------------+
|         out|           1|           0|           0|
+------------+------------+------------+------------+
|         jmp|          26|         169|           0|
+------------+------------+------------+------------+
|        push|          e2|           2|           2|
+------------+------------+------------+------------+
|         out|           1|           0|           0|
+------------+------------+------------+------------+
|         jmp|          26|         192|           0|
+------------+------------+------------+------------+
|        push|          22|           0|           0|
+------------+------------+------------+------------+
|        push|          e2|           1|           2|
+------------+------------+------------+------------+
|        push|          e2|           0|           2|
+------------+------------+------------+------------+
|         div|          11|           0|           0|
+------------+------------+------------+------------+
|         sub|           f|           0|           0|
+------------+------------+------------+------------+
|         pop|          e3|           5|           2|
+------------+------------+------------+------------+
|        push|          e2|           3|           2|
+------------+------------+------------+------------+
|         out|           1|           0|           0|
+------------+------------+------------+------------+
|        push|          e2|           5|           2|
+------------+------------+------------+------------+
|         out|           1|           0|           0|
+------------+------------+------------+------------+
|        push|          22|           0|           0|
+------------+------------+------------+------------+
|         pop|          43|           0|           1|
+------------+------------+------------+------------+
|         ret|           5|           0|           0|
+------------+------------+------------+------------+
|        push|          22|           0|           0|
+------------+------------+------------+------------+
|        push|          22|           1|           0|
+------------+------------+------------+------------+
|         sub|           f|           0|           0|
+------------+------------+------------+------------+
|         pop|          e3|           3|           2|
+------------+------------+------------+------------+
|        push|          22|           1|           0|
+------------+------------+------------+------------+
|         pop|          e3|           4|           2|
+------------+------------+------------+------------+
|        push|          22|           2|           0|
+------------+------------+------------+------------+
|         pop|          e3|           5|           2|
+------------+------------+------------+------------+
|        push|          e2|           2|           2|
+------------+------------+------------+------------+
|        push|          22|           0|           0|
+------------+------------+------------+------------+
|         jne|          2c|         254|           0|
+------------+------------+------------+------------+
|        push|          22|           0|           0|
+------------+------------+------------+------------+
|         pop|          e3|           6|           2|
+------------+------------+------------+------------+
|        push|          22|           0|           0|
+------------+------------+------------+------------+
|        push|          e2|           1|           2|
+------------+------------+------------+------------+
|        push|          e2|           0|           2|
+------------+------------+------------+------------+
|         div|          11|           0|           0|
+------------+------------+------------+------------+
|         sub|           f|           0|           0|
+------------+------------+------------+------------+
|         pop|          e3|           7|           2|
+------------+------------+------------+------------+
|        push|          e2|           5|           2|
+------------+------------+------------+------------+
|         out|           1|           0|           0|
+------------+------------+------------+------------+
|        push|          e2|           6|           2|
+------------+------------+------------+------------+
|         out|           1|           0|           0|
+------------+------------+------------+------------+
|        push|          e2|           7|           2|
+------------+------------+------------+------------+
|         out|           1|           0|           0|
+------------+------------+------------+------------+
|         jmp|          26|         380|           0|
+------------+------------+------------+------------+
|        push|          e2|           1|           2|
+------------+------------+------------+------------+
|        push|          e2|           1|           2|
+------------+------------+------------+------------+
|         mul|          10|           0|           0|
+------------+------------+------------+------------+
|        push|          22|           4|           0|
+------------+------------+------------+------------+
|        push|          e2|           0|           2|
+------------+------------+------------+------------+
|         mul|          10|           0|           0|
+------------+------------+------------+------------+
|        push|          e2|           2|           2|
+------------+------------+------------+------------+
|         mul|          10|           0|           0|
+------------+------------+------------+------------+
|         sub|           f|           0|           0|
+------------+------------+------------+------------+
|         pop|          e3|           8|           2|
+------------+------------+------------+------------+
|        push|          e2|           8|           2|
+------------+------------+------------+------------+
|        push|          22|           0|           0|
+------------+------------+------------+------------+
|         jbe|          2a|         343|           0|
+------------+------------+------------+------------+
|        push|          e2|           8|           2|
+------------+------------+------------+------------+
|        sqrt|          12|           0|           0|
+------------+------------+------------+------------+
|         pop|          e3|           9|           2|
+------------+------------+------------+------------+
|        push|          22|           0|           0|
+------------+------------+------------+------------+
|        push|          e2|           1|           2|
+------------+------------+------------+------------+
|         sub|           f|           0|           0|
+------------+------------+------------+------------+
|        push|          e2|           9|           2|
+------------+------------+------------+------------+
|         sub|           f|           0|           0|
+------------+------------+------------+------------+
|        push|          22|           2|           0|
+------------+------------+------------+------------+
|        push|          e2|           0|           2|
+------------+------------+------------+------------+
|         mul|          10|           0|           0|
+------------+------------+------------+------------+
|         div|          11|           0|           0|
+------------+------------+------------+------------+
|         pop|          e3|           6|           2|
+------------+------------+------------+------------+
|        push|          22|           0|           0|
+------------+------------+------------+------------+
|        push|          e2|           1|           2|
+------------+------------+------------+------------+
|         sub|           f|           0|           0|
+------------+------------+------------+------------+
|        push|          e2|           9|           2|
+------------+------------+------------+------------+
|         add|           e|           0|           0|
+------------+------------+------------+------------+
|        push|          22|           2|           0|
+------------+------------+------------+------------+
|        push|          e2|           0|           2|
+------------+------------+------------+------------+
|         mul|          10|           0|           0|
+------------+------------+------------+------------+
|         div|          11|           0|           0|
+------------+------------+------------+------------+
|         pop|          e3|           7|           2|
+------------+------------+------------+------------+
|        push|          e2|           5|           2|
+------------+------------+------------+------------+
|         out|           1|           0|           0|
+------------+------------+------------+------------+
|        push|          e2|           6|           2|
+------------+------------+------------+------------+
|         out|           1|           0|           0|
+------------+------------+------------+------------+
|        push|          e2|           7|           2|
+------------+------------+------------+------------+
|         out|           1|           0|           0|
+------------+------------+------------+------------+
|         jmp|          26|         380|           0|
+------------+------------+------------+------------+
|        push|          e2|           8|           2|
+------------+------------+------------+------------+
|        push|          22|           0|           0|
+------------+------------+------------+------------+
|         jne|          2c|         376|           0|
+------------+------------+------------+------------+
|        push|          22|           0|           0|
+------------+------------+------------+------------+
|        push|          e2|           1|           2|
+------------+------------+------------+------------+
|        push|          22|           2|           0|
+------------+------------+------------+------------+
|        push|          e2|           0|           2|
+------------+------------+------------+------------+
|         mul|          10|           0|           0|
+------------+------------+------------+------------+
|         div|          11|           0|           0|
+------------+------------+------------+------------+
|         sub|           f|           0|           0|
+------------+------------+------------+------------+
|         pop|          e3|          10|           2|
+------------+------------+------------+------------+
|        push|          e2|           4|           2|
+------------+------------+------------+------------+
|         out|           1|           0|           0|
+------------+------------+------------+------------+
|        push|          e2|          10|           2|
+------------+------------+------------+------------+
|         out|           1|           0|           0|
+------------+------------+------------+------------+
|         jmp|          26|         380|           0|
+------------+------------+------------+------------+
|        push|          e2|           3|           2|
+------------+------------+------------+------------+
|         out|           1|           0|           0|
+------------+------------+------------+------------+
|        push|          22|           0|           0|
+------------+------------+------------+------------+
|         pop|          43|           0|           1|
+------------+------------+------------+------------+
|         ret|           5|           0|           0|
+------------+------------+------------+------------+
|         hlt|           0|           0|           0|
+------------+------------+------------+------------+
