
--------------------------------------------------
TXLib соболезнует...

Программа: D:\vscode\SPU\spu\spu.exe,

ВНЕЗАПНО: signal (22, 0x00): SIGABRT: Аварийное завершение программы, вызвана функция abort(). 

С помощью функции signal() вы можете сами обработать эту ошибку.

#1: TXLib [Ver: 00173a, Rev: 172, Date: 2023-08-12 11:12:24 +0400], Instance: 0x0050831C (32-bit), Flags: Cmdre0, Thread: 0x2E78 (Main), GetLastError(): 8 (Недостаточно ресурсов памяти для обработки этой команды), errno: 12 (Not enough space). 

--------------------------------------------------
Стек вызовов:

# 0 0x00412E24 in D:\vscode\SPU\spu\spu.exe: _txOnSignal() at c:/users/mpavl/downloads/codeblocks/mingw/include/txlib.h (11006)
# 1 0x758271F1 in C:\Windows\System32\msvcrt.dll: raise()
# 2 0x7582B69B in C:\Windows\System32\msvcrt.dll: abort()

# 3 0x0040287D in D:\vscode\SPU\spu\spu.exe: stack_realloc() at D:/vscode/SPU/spu/../include/stack.cpp (184):

    182: #ifdef CANARIES_CHECK
    183:     stk->data = (ELEMENT *) realloc (stk->data - sizeof (CANARY_TYPE) / sizeof (ELEMENT), size * sizeof (ELEMENT) + 2 * sizeof (CANARY_TYPE));
=>  184:     my_assert (stk->data != NULL);
    185: 
    186:     *((CANARY_TYPE *)(stk->data + size + sizeof (CANARY_TYPE) / sizeof (ELEMENT))) = CANARY;

# 4 0x00402534 in D:\vscode\SPU\spu\spu.exe: stack_push() at D:/vscode/SPU/spu/../include/stack.cpp (115):

    113:     if (stk->size == stk->position)
    114:     {
=>  115:         int code_error = stack_realloc (stk, UP);
    116: 
    117:         my_assert (code_error != ERR_STACK_REALLOC);

# 5 0x00401E9A in D:\vscode\SPU\spu\spu.exe: calc_func() at D:/vscode/SPU/spu/../include/jump_cmd.h (13):

     11: */
     12: 
=>   13: DEF_CMD("call", CALL, 1,
     14:     {
     15:         DEF_PUSH (&spu->stack_call, ip);

# 6 0x004015A1 in D:\vscode\SPU\spu\spu.exe: main() at D:/vscode/SPU/spu/main.cpp (20):

     18:     }
     19: 
=>   20:     if ((code_error = calc_func (&spu)) != ERR_NO)
     21:     {
     22:         fprintf (stderr, "%s", my_strerr (code_error));

--------------------------------------------------
Developed with:

The Dumb Artist Library (TX Library)
TXLib [Ver: 00173a, Rev: 172, Date: 2023-08-12 11:12:24 +0400]
Copyright (C) Ded (Ilya Dedinsky, http://txlib.ru) <mail@txlib.ru>
See license on: http://txlib.ru

TXLib file:	c:\users\mpavl\downloads\codeblocks\mingw\include\txlib.h
Compiled:	Oct 29 2023 18:22:49, GNU g++ 4.8.1, std=201103L, MinGW Runtime 3.20, 32-bit, DEBUG
Started:	Oct 29 2023 18:35:21

Run file:	D:\vscode\SPU\spu\spu.exe
Directory:	D:\vscode\SPU\spu

--------------------------------------------------

--------------------------------------------------
TXLib соболезнует...

Программа: D:\vscode\SPU\spu\spu.exe,

ВНЕЗАПНО: signal (22, 0x00): SIGABRT: Аварийное завершение программы, вызвана функция abort(). 

С помощью функции signal() вы можете сами обработать эту ошибку.

#1: TXLib [Ver: 00173a, Rev: 172, Date: 2023-08-12 11:12:24 +0400], Instance: 0x0050831C (32-bit), Flags: Cmdre0, Thread: 0x1E78 (Main), GetLastError(): 8 (Недостаточно ресурсов памяти для обработки этой команды), errno: 12 (Not enough space). 

--------------------------------------------------
Стек вызовов:

# 0 0x00412E24 in D:\vscode\SPU\spu\spu.exe: _txOnSignal() at c:/users/mpavl/downloads/codeblocks/mingw/include/txlib.h (11006)
# 1 0x758271F1 in C:\Windows\System32\msvcrt.dll: raise()
# 2 0x7582B69B in C:\Windows\System32\msvcrt.dll: abort()

# 3 0x0040287D in D:\vscode\SPU\spu\spu.exe: stack_realloc() at D:/vscode/SPU/spu/../include/stack.cpp (184):

    182: #ifdef CANARIES_CHECK
    183:     stk->data = (ELEMENT *) realloc (stk->data - sizeof (CANARY_TYPE) / sizeof (ELEMENT), size * sizeof (ELEMENT) + 2 * sizeof (CANARY_TYPE));
=>  184:     my_assert (stk->data != NULL);
    185: 
    186:     *((CANARY_TYPE *)(stk->data + size + sizeof (CANARY_TYPE) / sizeof (ELEMENT))) = CANARY;

# 4 0x00402534 in D:\vscode\SPU\spu\spu.exe: stack_push() at D:/vscode/SPU/spu/../include/stack.cpp (115):

    113:     if (stk->size == stk->position)
    114:     {
=>  115:         int code_error = stack_realloc (stk, UP);
    116: 
    117:         my_assert (code_error != ERR_STACK_REALLOC);

# 5 0x00401E9A in D:\vscode\SPU\spu\spu.exe: calc_func() at D:/vscode/SPU/spu/../include/jump_cmd.h (13):

     11: */
     12: 
=>   13: DEF_CMD("call", CALL, 1,
     14:     {
     15:         DEF_PUSH (&spu->stack_call, ip);

# 6 0x004015A1 in D:\vscode\SPU\spu\spu.exe: main() at D:/vscode/SPU/spu/main.cpp (20):

     18:     }
     19: 
=>   20:     if ((code_error = calc_func (&spu)) != ERR_NO)
     21:     {
     22:         fprintf (stderr, "%s", my_strerr (code_error));

--------------------------------------------------
Developed with:

The Dumb Artist Library (TX Library)
TXLib [Ver: 00173a, Rev: 172, Date: 2023-08-12 11:12:24 +0400]
Copyright (C) Ded (Ilya Dedinsky, http://txlib.ru) <mail@txlib.ru>
See license on: http://txlib.ru

TXLib file:	c:\users\mpavl\downloads\codeblocks\mingw\include\txlib.h
Compiled:	Oct 29 2023 18:22:49, GNU g++ 4.8.1, std=201103L, MinGW Runtime 3.20, 32-bit, DEBUG
Started:	Oct 29 2023 18:37:59

Run file:	D:\vscode\SPU\spu\spu.exe
Directory:	D:\vscode\SPU\spu

--------------------------------------------------

--------------------------------------------------
TXLib соболезнует...

Программа: D:\vscode\SPU\spu\spu.exe,

ВНЕЗАПНО: signal (22, 0x00): SIGABRT: Аварийное завершение программы, вызвана функция abort(). 

С помощью функции signal() вы можете сами обработать эту ошибку.

#1: TXLib [Ver: 00173a, Rev: 172, Date: 2023-08-12 11:12:24 +0400], Instance: 0x0050831C (32-bit), Flags: Cmdre0, Thread: 0x468C (Main), GetLastError(): 183 (Невозможно создать файл, так как он уже существует). 

--------------------------------------------------
Стек вызовов:

# 0 0x00412F00 in D:\vscode\SPU\spu\spu.exe: _txOnSignal() at c:/users/mpavl/downloads/codeblocks/mingw/include/txlib.h (11006)
# 1 0x758271F1 in C:\Windows\System32\msvcrt.dll: raise()
# 2 0x7582B69B in C:\Windows\System32\msvcrt.dll: abort()

# 3 0x00402756 in D:\vscode\SPU\spu\spu.exe: stack_pop() at D:/vscode/SPU/spu/../include/stack.cpp (136):

    134: {
    135:     assert_stack (stk);
=>  136:     my_assert (stk->position > 0);
    137:     
    138:     if (stk->position < stk->size / HST_DOWN)

# 4 0x00401D09 in D:\vscode\SPU\spu\spu.exe: calc_func() at D:/vscode/SPU/spu/../include/commands.h (104):

    102: */
    103: 
=>  104: DEF_CMD("add", ADD, false,
    105:     {
    106:         a = DEF_POP (&spu->stack);

# 5 0x004015A1 in D:\vscode\SPU\spu\spu.exe: main() at D:/vscode/SPU/spu/main.cpp (20):

     18:     }
     19: 
=>   20:     if ((code_error = calc_func (&spu)) != ERR_NO)
     21:     {
     22:         fprintf (stderr, "%s", my_strerr (code_error));

--------------------------------------------------
Developed with:

The Dumb Artist Library (TX Library)
TXLib [Ver: 00173a, Rev: 172, Date: 2023-08-12 11:12:24 +0400]
Copyright (C) Ded (Ilya Dedinsky, http://txlib.ru) <mail@txlib.ru>
See license on: http://txlib.ru

TXLib file:	c:\users\mpavl\downloads\codeblocks\mingw\include\txlib.h
Compiled:	Oct 29 2023 18:22:49, GNU g++ 4.8.1, std=201103L, MinGW Runtime 3.20, 32-bit, DEBUG
Started:	Oct 29 2023 18:38:23

Run file:	D:\vscode\SPU\spu\spu.exe
Directory:	D:\vscode\SPU\spu

--------------------------------------------------

--------------------------------------------------
TXLib соболезнует...

Программа: D:\vscode\SPU\spu\spu.exe,

ВНЕЗАПНО: signal (22, 0x00): SIGABRT: Аварийное завершение программы, вызвана функция abort(). 

С помощью функции signal() вы можете сами обработать эту ошибку.

#1: TXLib [Ver: 00173a, Rev: 172, Date: 2023-08-12 11:12:24 +0400], Instance: 0x0050831C (32-bit), Flags: Cmdre0, Thread: 0x2910 (Main), GetLastError(): 183 (Невозможно создать файл, так как он уже существует). 

--------------------------------------------------
Стек вызовов:

# 0 0x00412F1C in D:\vscode\SPU\spu\spu.exe: _txOnSignal() at c:/users/mpavl/downloads/codeblocks/mingw/include/txlib.h (11006)
# 1 0x758271F1 in C:\Windows\System32\msvcrt.dll: raise()
# 2 0x7582B69B in C:\Windows\System32\msvcrt.dll: abort()

# 3 0x00402772 in D:\vscode\SPU\spu\spu.exe: stack_pop() at D:/vscode/SPU/spu/../include/stack.cpp (136):

    134: {
    135:     assert_stack (stk);
=>  136:     my_assert (stk->position > 0);
    137:     
    138:     if (stk->position < stk->size / HST_DOWN)

# 4 0x00401D24 in D:\vscode\SPU\spu\spu.exe: calc_func() at D:/vscode/SPU/spu/../include/commands.h (104):

    102: */
    103: 
=>  104: DEF_CMD("add", ADD, false,
    105:     {
    106:         a = DEF_POP (&spu->stack);

# 5 0x004015A1 in D:\vscode\SPU\spu\spu.exe: main() at D:/vscode/SPU/spu/main.cpp (20):

     18:     }
     19: 
=>   20:     if ((code_error = calc_func (&spu)) != ERR_NO)
     21:     {
     22:         fprintf (stderr, "%s", my_strerr (code_error));

--------------------------------------------------
Developed with:

The Dumb Artist Library (TX Library)
TXLib [Ver: 00173a, Rev: 172, Date: 2023-08-12 11:12:24 +0400]
Copyright (C) Ded (Ilya Dedinsky, http://txlib.ru) <mail@txlib.ru>
See license on: http://txlib.ru

TXLib file:	c:\users\mpavl\downloads\codeblocks\mingw\include\txlib.h
Compiled:	Oct 29 2023 18:22:49, GNU g++ 4.8.1, std=201103L, MinGW Runtime 3.20, 32-bit, DEBUG
Started:	Oct 29 2023 18:40:13

Run file:	D:\vscode\SPU\spu\spu.exe
Directory:	D:\vscode\SPU\spu

--------------------------------------------------

--------------------------------------------------
TXLib соболезнует...

Программа: D:\vscode\SPU\spu\spu.exe,

ВНЕЗАПНО: signal (22, 0x00): SIGABRT: Аварийное завершение программы, вызвана функция abort(). 

С помощью функции signal() вы можете сами обработать эту ошибку.

#1: TXLib [Ver: 00173a, Rev: 172, Date: 2023-08-12 11:12:24 +0400], Instance: 0x0050831C (32-bit), Flags: Cmdre0, Thread: 0x2F0C (Main), GetLastError(): 183 (Невозможно создать файл, так как он уже существует). 

--------------------------------------------------
Стек вызовов:

# 0 0x00412F1C in D:\vscode\SPU\spu\spu.exe: _txOnSignal() at c:/users/mpavl/downloads/codeblocks/mingw/include/txlib.h (11006)
# 1 0x758271F1 in C:\Windows\System32\msvcrt.dll: raise()
# 2 0x7582B69B in C:\Windows\System32\msvcrt.dll: abort()

# 3 0x00402772 in D:\vscode\SPU\spu\spu.exe: stack_pop() at D:/vscode/SPU/spu/../include/stack.cpp (136):

    134: {
    135:     assert_stack (stk);
=>  136:     my_assert (stk->position > 0);
    137:     
    138:     if (stk->position < stk->size / HST_DOWN)

# 4 0x00401D24 in D:\vscode\SPU\spu\spu.exe: calc_func() at D:/vscode/SPU/spu/../include/commands.h (104):

    102: */
    103: 
=>  104: DEF_CMD("add", ADD, false,
    105:     {
    106:         a = DEF_POP (&spu->stack);

# 5 0x004015A1 in D:\vscode\SPU\spu\spu.exe: main() at D:/vscode/SPU/spu/main.cpp (20):

     18:     }
     19: 
=>   20:     if ((code_error = calc_func (&spu)) != ERR_NO)
     21:     {
     22:         fprintf (stderr, "%s", my_strerr (code_error));

--------------------------------------------------
Developed with:

The Dumb Artist Library (TX Library)
TXLib [Ver: 00173a, Rev: 172, Date: 2023-08-12 11:12:24 +0400]
Copyright (C) Ded (Ilya Dedinsky, http://txlib.ru) <mail@txlib.ru>
See license on: http://txlib.ru

TXLib file:	c:\users\mpavl\downloads\codeblocks\mingw\include\txlib.h
Compiled:	Oct 29 2023 18:22:49, GNU g++ 4.8.1, std=201103L, MinGW Runtime 3.20, 32-bit, DEBUG
Started:	Oct 29 2023 18:40:51

Run file:	D:\vscode\SPU\spu\spu.exe
Directory:	D:\vscode\SPU\spu

--------------------------------------------------
